[Sat, 18 Apr 2020 13:24:15 GMT] GET localhost /logs 200 2 - 49.128 ms
[Sat, 18 Apr 2020 13:24:49 GMT] GET localhost /logs 200 2 - 5.313 ms
[Sat, 18 Apr 2020 13:33:24 GMT] GET localhost /logs 200 139 - 59.571 ms
[Sat, 18 Apr 2020 13:34:28 GMT] GET localhost /logs 200 211 - 15.459 ms
[Mon, 20 Apr 2020 13:42:44 GMT] POST localhost /login 200 17 - 3408.060 ms
[Mon, 20 Apr 2020 13:59:19 GMT] POST localhost /login 200 17 - 562.356 ms
[Mon, 20 Apr 2020 14:05:47 GMT] POST localhost /login - - - - ms
[Mon, 20 Apr 2020 14:08:14 GMT] POST localhost /login 200 17 - 664.577 ms
[Mon, 20 Apr 2020 14:09:16 GMT] POST localhost /login 200 17 - 576.489 ms
[Mon, 20 Apr 2020 14:10:34 GMT] POST localhost /login 200 206 - 8139.490 ms
[Mon, 20 Apr 2020 14:13:18 GMT] GET localhost /getuser/5e9a26920517a904a043991d 200 17 - 1723.136 ms
[Mon, 20 Apr 2020 14:16:58 GMT] GET localhost /getuser/5e9a14eb330dca06e46062ad 200 171 - 720.319 ms
[Mon, 20 Apr 2020 14:18:25 GMT] GET localhost /alluser/5e9a14eb330dca06e46062ad 200 516 - 884.428 ms
[Mon, 20 Apr 2020 14:20:32 GMT] DELETE localhost /deleteuser/5e9a14eb330dca06e46062ad 200 44 - 1631.683 ms
[Mon, 20 Apr 2020 14:21:25 GMT] POST localhost /signup 200 24 - 2151.700 ms
[Mon, 20 Apr 2020 14:22:39 GMT] POST localhost /login 200 202 - 1339.301 ms
[Mon, 20 Apr 2020 14:23:25 GMT] GET localhost /alluser/5e9a14eb330dca06e46062ad 200 513 - 617.233 ms
[Mon, 20 Apr 2020 14:24:02 GMT] PUT localhost /updateuser 200 20 - 41.549 ms
[Mon, 20 Apr 2020 14:24:47 GMT] PUT localhost /updateuser 200 37 - 642.076 ms
[Mon, 20 Apr 2020 14:25:30 GMT] GET localhost /logs 200 1539 - 6483.220 ms
